::1 - - [15/Jul/2025 08:53:33] "GET / HTTP/1.1" 200 -
::1 - - [15/Jul/2025 08:53:37] "GET /about.html HTTP/1.1" 200 -
::1 - - [15/Jul/2025 08:53:40] "GET /contact.html HTTP/1.1" 200 -
::1 - - [15/Jul/2025 08:53:44] "GET /css/style.css HTTP/1.1" 200 -
::1 - - [15/Jul/2025 08:54:45] "GET / HTTP/1.1" 200 -
::1 - - [15/Jul/2025 08:54:45] "GET /css/style.css HTTP/1.1" 200 -
::1 - - [15/Jul/2025 08:54:45] code 404, message File not found
::1 - - [15/Jul/2025 08:54:45] "GET /favicon.ico HTTP/1.1" 404 -
::1 - - [15/Jul/2025 08:54:50] "GET /about.html HTTP/1.1" 200 -
::1 - - [15/Jul/2025 09:02:50] "GET / HTTP/1.1" 304 -
::1 - - [15/Jul/2025 09:02:50] "GET /css/style.css HTTP/1.1" 304 -
::1 - - [15/Jul/2025 09:02:51] "GET / HTTP/1.1" 304 -
::1 - - [15/Jul/2025 09:02:53] "GET /about.html HTTP/1.1" 304 -
::1 - - [15/Jul/2025 09:02:53] "GET /contact.html HTTP/1.1" 200 -
::1 - - [15/Jul/2025 09:03:16] "GET / HTTP/1.1" 304 -
::1 - - [16/Jul/2025 10:03:20] "GET / HTTP/1.1" 304 -
::1 - - [16/Jul/2025 10:03:20] "GET /css/style.css HTTP/1.1" 304 -
::1 - - [16/Jul/2025 15:10:07] "GET /about.html HTTP/1.1" 304 -
::1 - - [16/Jul/2025 15:10:07] "GET /css/style.css HTTP/1.1" 304 -
::1 - - [16/Jul/2025 15:10:08] "GET / HTTP/1.1" 304 -
